[2016-11-09 10:50:28.744] DEBUG [Slf4JLogger(debug:71)] : Using SLF4J as the default logging framework
[2016-11-09 10:50:28.749] DEBUG [Slf4JLogger(debug:76)] : -Dio.netty.eventLoopThreads: 16
[2016-11-09 10:50:28.766] DEBUG [Slf4JLogger(debug:76)] : java.nio.Buffer.address: available
[2016-11-09 10:50:28.767] DEBUG [Slf4JLogger(debug:76)] : sun.misc.Unsafe.theUnsafe: available
[2016-11-09 10:50:28.767] DEBUG [Slf4JLogger(debug:71)] : sun.misc.Unsafe.copyMemory: available
[2016-11-09 10:50:28.768] DEBUG [Slf4JLogger(debug:76)] : java.nio.Bits.unaligned: true
[2016-11-09 10:50:28.768] DEBUG [Slf4JLogger(debug:76)] : java.nio.DirectByteBuffer.<init>(long, int): available
[2016-11-09 10:50:28.769] DEBUG [Slf4JLogger(debug:76)] : java.nio.ByteBuffer.cleaner(): available
[2016-11-09 10:50:28.770] DEBUG [Slf4JLogger(debug:71)] : Platform: Windows
[2016-11-09 10:50:28.770] DEBUG [Slf4JLogger(debug:76)] : Java version: 8
[2016-11-09 10:50:28.771] DEBUG [Slf4JLogger(debug:76)] : -Dio.netty.noUnsafe: false
[2016-11-09 10:50:28.771] DEBUG [Slf4JLogger(debug:76)] : sun.misc.Unsafe: available
[2016-11-09 10:50:28.773] DEBUG [Slf4JLogger(debug:76)] : -Dio.netty.noJavassist: false
[2016-11-09 10:50:28.774] DEBUG [Slf4JLogger(debug:71)] : Javassist: unavailable
[2016-11-09 10:50:28.774] DEBUG [Slf4JLogger(debug:71)] : You don't have Javassist in your class path or you don't have enough permission to load dynamically generated classes.  Please check the configuration for better performance.
[2016-11-09 10:50:28.775] DEBUG [Slf4JLogger(debug:76)] : -Dio.netty.tmpdir: C:\Users\kwonsm\AppData\Local\Temp (java.io.tmpdir)
[2016-11-09 10:50:28.784] DEBUG [Slf4JLogger(debug:76)] : -Dio.netty.bitMode: 64 (sun.arch.data.model)
[2016-11-09 10:50:28.784] DEBUG [Slf4JLogger(debug:76)] : -Dio.netty.noPreferDirect: false
[2016-11-09 10:50:28.785] DEBUG [Slf4JLogger(debug:76)] : io.netty.maxDirectMemory: 1897922560 bytes
[2016-11-09 10:50:28.797] DEBUG [Slf4JLogger(debug:76)] : -Dio.netty.noKeySetOptimization: false
[2016-11-09 10:50:28.797] DEBUG [Slf4JLogger(debug:76)] : -Dio.netty.selectorAutoRebuildThreshold: 512
[2016-11-09 10:50:28.933] DEBUG [Slf4JLogger(debug:76)] : -Dio.netty.processId: 12248 (auto-detected)
[2016-11-09 10:50:28.994] DEBUG [Slf4JLogger(debug:86)] : Loopback interface: lo (Software Loopback Interface 1, 127.0.0.1)
[2016-11-09 10:50:28.996] DEBUG [Slf4JLogger(debug:81)] : \proc\sys\net\core\somaxconn: 200 (non-existent)
[2016-11-09 10:50:29.060] DEBUG [Slf4JLogger(debug:76)] : -Dio.netty.machineId: fc:aa:14:ff:fe:e0:db:6c (auto-detected)
[2016-11-09 10:50:29.062] DEBUG [Slf4JLogger(debug:71)] : -Dio.netty.initialSeedUniquifier: 0x2a6841201dbfb15c
[2016-11-09 10:50:29.070] DEBUG [Slf4JLogger(debug:81)] : -Dio.netty.leakDetection.level: simple
[2016-11-09 10:50:29.070] DEBUG [Slf4JLogger(debug:81)] : -Dio.netty.leakDetection.maxRecords: 4
[2016-11-09 10:50:29.086] DEBUG [Slf4JLogger(debug:76)] : -Dio.netty.allocator.numHeapArenas: 16
[2016-11-09 10:50:29.087] DEBUG [Slf4JLogger(debug:76)] : -Dio.netty.allocator.numDirectArenas: 16
[2016-11-09 10:50:29.087] DEBUG [Slf4JLogger(debug:76)] : -Dio.netty.allocator.pageSize: 8192
[2016-11-09 10:50:29.088] DEBUG [Slf4JLogger(debug:76)] : -Dio.netty.allocator.maxOrder: 11
[2016-11-09 10:50:29.089] DEBUG [Slf4JLogger(debug:76)] : -Dio.netty.allocator.chunkSize: 16777216
[2016-11-09 10:50:29.089] DEBUG [Slf4JLogger(debug:76)] : -Dio.netty.allocator.tinyCacheSize: 512
[2016-11-09 10:50:29.089] DEBUG [Slf4JLogger(debug:76)] : -Dio.netty.allocator.smallCacheSize: 256
[2016-11-09 10:50:29.090] DEBUG [Slf4JLogger(debug:76)] : -Dio.netty.allocator.normalCacheSize: 64
[2016-11-09 10:50:29.092] DEBUG [Slf4JLogger(debug:76)] : -Dio.netty.allocator.maxCachedBufferCapacity: 32768
[2016-11-09 10:50:29.093] DEBUG [Slf4JLogger(debug:76)] : -Dio.netty.allocator.cacheTrimInterval: 8192
[2016-11-09 10:50:29.100] DEBUG [Slf4JLogger(debug:76)] : -Dio.netty.allocator.type: pooled
[2016-11-09 10:50:29.100] DEBUG [Slf4JLogger(debug:76)] : -Dio.netty.threadLocalDirectBufferSize: 65536
[2016-11-09 10:50:29.101] DEBUG [Slf4JLogger(debug:76)] : -Dio.netty.maxThreadLocalCharBufferSize: 16384
[2016-11-09 10:50:29.171] ERROR [Operator(_showSystemInfo:107)] : *************************************
[2016-11-09 10:50:29.171] ERROR [Operator(_showSystemInfo:108)] :    The server is running normally.
[2016-11-09 10:50:29.172] ERROR [Operator(_showSystemInfo:109)] :   ---------------------------------  
[2016-11-09 10:50:29.172] ERROR [Operator(_showSystemInfo:110)] :    CPU : 8
[2016-11-09 10:50:29.173] ERROR [Operator(_showSystemInfo:111)] :    Max Heap : 1810 MB
[2016-11-09 10:50:29.173] ERROR [Operator(_showSystemInfo:112)] :    IP : 172.16.2.205
[2016-11-09 10:50:29.173] ERROR [Operator(_showSystemInfo:113)] :    MAC address : FC-AA-14-E0-DB-6C
[2016-11-09 10:50:29.175] ERROR [Operator(_showSystemInfo:114)] : *************************************
[2016-11-09 10:50:30.898] ERROR [Operator(stop:137)] : *************************************
[2016-11-09 10:50:30.898] ERROR [Operator(stop:138)] :    The server has been shut down.
[2016-11-09 10:50:30.899] ERROR [Operator(stop:139)] : *************************************
[2016-11-09 10:53:14.974] ERROR [ServiceProvider(lambda$0:189)] : Can not register the service. Class : team.test.Service
[2016-11-09 10:53:14.989] DEBUG [Slf4JLogger(debug:71)] : Using SLF4J as the default logging framework
[2016-11-09 10:53:14.992] DEBUG [Slf4JLogger(debug:76)] : -Dio.netty.eventLoopThreads: 16
[2016-11-09 10:53:15.008] DEBUG [Slf4JLogger(debug:76)] : java.nio.Buffer.address: available
[2016-11-09 10:53:15.009] DEBUG [Slf4JLogger(debug:76)] : sun.misc.Unsafe.theUnsafe: available
[2016-11-09 10:53:15.009] DEBUG [Slf4JLogger(debug:71)] : sun.misc.Unsafe.copyMemory: available
[2016-11-09 10:53:15.010] DEBUG [Slf4JLogger(debug:76)] : java.nio.Bits.unaligned: true
[2016-11-09 10:53:15.010] DEBUG [Slf4JLogger(debug:76)] : java.nio.DirectByteBuffer.<init>(long, int): available
[2016-11-09 10:53:15.011] DEBUG [Slf4JLogger(debug:76)] : java.nio.ByteBuffer.cleaner(): available
[2016-11-09 10:53:15.012] DEBUG [Slf4JLogger(debug:71)] : Platform: Windows
[2016-11-09 10:53:15.012] DEBUG [Slf4JLogger(debug:76)] : Java version: 8
[2016-11-09 10:53:15.013] DEBUG [Slf4JLogger(debug:76)] : -Dio.netty.noUnsafe: false
[2016-11-09 10:53:15.013] DEBUG [Slf4JLogger(debug:76)] : sun.misc.Unsafe: available
[2016-11-09 10:53:15.015] DEBUG [Slf4JLogger(debug:76)] : -Dio.netty.noJavassist: false
[2016-11-09 10:53:15.016] DEBUG [Slf4JLogger(debug:71)] : Javassist: unavailable
[2016-11-09 10:53:15.016] DEBUG [Slf4JLogger(debug:71)] : You don't have Javassist in your class path or you don't have enough permission to load dynamically generated classes.  Please check the configuration for better performance.
[2016-11-09 10:53:15.018] DEBUG [Slf4JLogger(debug:76)] : -Dio.netty.tmpdir: C:\Users\kwonsm\AppData\Local\Temp (java.io.tmpdir)
[2016-11-09 10:53:15.022] DEBUG [Slf4JLogger(debug:76)] : -Dio.netty.bitMode: 64 (sun.arch.data.model)
[2016-11-09 10:53:15.022] DEBUG [Slf4JLogger(debug:76)] : -Dio.netty.noPreferDirect: false
[2016-11-09 10:53:15.023] DEBUG [Slf4JLogger(debug:76)] : io.netty.maxDirectMemory: 1897922560 bytes
[2016-11-09 10:53:15.034] DEBUG [Slf4JLogger(debug:76)] : -Dio.netty.noKeySetOptimization: false
[2016-11-09 10:53:15.035] DEBUG [Slf4JLogger(debug:76)] : -Dio.netty.selectorAutoRebuildThreshold: 512
[2016-11-09 10:53:15.162] DEBUG [Slf4JLogger(debug:76)] : -Dio.netty.processId: 2228 (auto-detected)
[2016-11-09 10:53:15.222] DEBUG [Slf4JLogger(debug:86)] : Loopback interface: lo (Software Loopback Interface 1, 127.0.0.1)
[2016-11-09 10:53:15.223] DEBUG [Slf4JLogger(debug:81)] : \proc\sys\net\core\somaxconn: 200 (non-existent)
[2016-11-09 10:53:15.288] DEBUG [Slf4JLogger(debug:76)] : -Dio.netty.machineId: fc:aa:14:ff:fe:e0:db:6c (auto-detected)
[2016-11-09 10:53:15.290] DEBUG [Slf4JLogger(debug:71)] : -Dio.netty.initialSeedUniquifier: 0x9ffc0a9350cdf333
[2016-11-09 10:53:15.298] DEBUG [Slf4JLogger(debug:81)] : -Dio.netty.leakDetection.level: simple
[2016-11-09 10:53:15.299] DEBUG [Slf4JLogger(debug:81)] : -Dio.netty.leakDetection.maxRecords: 4
[2016-11-09 10:53:15.314] DEBUG [Slf4JLogger(debug:76)] : -Dio.netty.allocator.numHeapArenas: 16
[2016-11-09 10:53:15.315] DEBUG [Slf4JLogger(debug:76)] : -Dio.netty.allocator.numDirectArenas: 16
[2016-11-09 10:53:15.316] DEBUG [Slf4JLogger(debug:76)] : -Dio.netty.allocator.pageSize: 8192
[2016-11-09 10:53:15.316] DEBUG [Slf4JLogger(debug:76)] : -Dio.netty.allocator.maxOrder: 11
[2016-11-09 10:53:15.317] DEBUG [Slf4JLogger(debug:76)] : -Dio.netty.allocator.chunkSize: 16777216
[2016-11-09 10:53:15.317] DEBUG [Slf4JLogger(debug:76)] : -Dio.netty.allocator.tinyCacheSize: 512
[2016-11-09 10:53:15.318] DEBUG [Slf4JLogger(debug:76)] : -Dio.netty.allocator.smallCacheSize: 256
[2016-11-09 10:53:15.318] DEBUG [Slf4JLogger(debug:76)] : -Dio.netty.allocator.normalCacheSize: 64
[2016-11-09 10:53:15.322] DEBUG [Slf4JLogger(debug:76)] : -Dio.netty.allocator.maxCachedBufferCapacity: 32768
[2016-11-09 10:53:15.323] DEBUG [Slf4JLogger(debug:76)] : -Dio.netty.allocator.cacheTrimInterval: 8192
[2016-11-09 10:53:15.329] DEBUG [Slf4JLogger(debug:76)] : -Dio.netty.allocator.type: pooled
[2016-11-09 10:53:15.330] DEBUG [Slf4JLogger(debug:76)] : -Dio.netty.threadLocalDirectBufferSize: 65536
[2016-11-09 10:53:15.331] DEBUG [Slf4JLogger(debug:76)] : -Dio.netty.maxThreadLocalCharBufferSize: 16384
[2016-11-09 10:53:15.398] ERROR [Operator(_showSystemInfo:107)] : *************************************
[2016-11-09 10:53:15.399] ERROR [Operator(_showSystemInfo:108)] :    The server is running normally.
[2016-11-09 10:53:15.399] ERROR [Operator(_showSystemInfo:109)] :   ---------------------------------  
[2016-11-09 10:53:15.400] ERROR [Operator(_showSystemInfo:110)] :    CPU : 8
[2016-11-09 10:53:15.401] ERROR [Operator(_showSystemInfo:111)] :    Max Heap : 1810 MB
[2016-11-09 10:53:15.401] ERROR [Operator(_showSystemInfo:112)] :    IP : 172.16.2.205
[2016-11-09 10:53:15.401] ERROR [Operator(_showSystemInfo:113)] :    MAC address : FC-AA-14-E0-DB-6C
[2016-11-09 10:53:15.403] ERROR [Operator(_showSystemInfo:114)] : *************************************
[2016-11-09 10:54:00.304] ERROR [Operator(stop:137)] : *************************************
[2016-11-09 10:54:00.306] ERROR [Operator(stop:138)] :    The server has been shut down.
[2016-11-09 10:54:00.307] ERROR [Operator(stop:139)] : *************************************
[2016-11-09 10:55:06.216] ERROR [ServiceProvider(lambda$0:189)] : Can not register the service. Class : team.test.Service
[2016-11-09 10:55:06.230] DEBUG [Slf4JLogger(debug:71)] : Using SLF4J as the default logging framework
[2016-11-09 10:55:06.234] DEBUG [Slf4JLogger(debug:76)] : -Dio.netty.eventLoopThreads: 16
[2016-11-09 10:55:06.246] DEBUG [Slf4JLogger(debug:76)] : java.nio.Buffer.address: available
[2016-11-09 10:55:06.247] DEBUG [Slf4JLogger(debug:76)] : sun.misc.Unsafe.theUnsafe: available
[2016-11-09 10:55:06.248] DEBUG [Slf4JLogger(debug:71)] : sun.misc.Unsafe.copyMemory: available
[2016-11-09 10:55:06.249] DEBUG [Slf4JLogger(debug:76)] : java.nio.Bits.unaligned: true
[2016-11-09 10:55:06.249] DEBUG [Slf4JLogger(debug:76)] : java.nio.DirectByteBuffer.<init>(long, int): available
[2016-11-09 10:55:06.250] DEBUG [Slf4JLogger(debug:76)] : java.nio.ByteBuffer.cleaner(): available
[2016-11-09 10:55:06.250] DEBUG [Slf4JLogger(debug:71)] : Platform: Windows
[2016-11-09 10:55:06.251] DEBUG [Slf4JLogger(debug:76)] : Java version: 8
[2016-11-09 10:55:06.251] DEBUG [Slf4JLogger(debug:76)] : -Dio.netty.noUnsafe: false
[2016-11-09 10:55:06.256] DEBUG [Slf4JLogger(debug:76)] : sun.misc.Unsafe: available
[2016-11-09 10:55:06.257] DEBUG [Slf4JLogger(debug:76)] : -Dio.netty.noJavassist: false
[2016-11-09 10:55:06.258] DEBUG [Slf4JLogger(debug:71)] : Javassist: unavailable
[2016-11-09 10:55:06.258] DEBUG [Slf4JLogger(debug:71)] : You don't have Javassist in your class path or you don't have enough permission to load dynamically generated classes.  Please check the configuration for better performance.
[2016-11-09 10:55:06.264] DEBUG [Slf4JLogger(debug:76)] : -Dio.netty.tmpdir: C:\Users\kwonsm\AppData\Local\Temp (java.io.tmpdir)
[2016-11-09 10:55:06.264] DEBUG [Slf4JLogger(debug:76)] : -Dio.netty.bitMode: 64 (sun.arch.data.model)
[2016-11-09 10:55:06.265] DEBUG [Slf4JLogger(debug:76)] : -Dio.netty.noPreferDirect: false
[2016-11-09 10:55:06.271] DEBUG [Slf4JLogger(debug:76)] : io.netty.maxDirectMemory: 1897922560 bytes
[2016-11-09 10:55:06.281] DEBUG [Slf4JLogger(debug:76)] : -Dio.netty.noKeySetOptimization: false
[2016-11-09 10:55:06.282] DEBUG [Slf4JLogger(debug:76)] : -Dio.netty.selectorAutoRebuildThreshold: 512
[2016-11-09 10:55:06.408] DEBUG [Slf4JLogger(debug:76)] : -Dio.netty.processId: 7428 (auto-detected)
[2016-11-09 10:55:06.467] DEBUG [Slf4JLogger(debug:86)] : Loopback interface: lo (Software Loopback Interface 1, 127.0.0.1)
[2016-11-09 10:55:06.469] DEBUG [Slf4JLogger(debug:81)] : \proc\sys\net\core\somaxconn: 200 (non-existent)
[2016-11-09 10:55:06.534] DEBUG [Slf4JLogger(debug:76)] : -Dio.netty.machineId: fc:aa:14:ff:fe:e0:db:6c (auto-detected)
[2016-11-09 10:55:06.536] DEBUG [Slf4JLogger(debug:71)] : -Dio.netty.initialSeedUniquifier: 0x9471a055bbc2d48a
[2016-11-09 10:55:06.542] DEBUG [Slf4JLogger(debug:81)] : -Dio.netty.leakDetection.level: simple
[2016-11-09 10:55:06.543] DEBUG [Slf4JLogger(debug:81)] : -Dio.netty.leakDetection.maxRecords: 4
[2016-11-09 10:55:06.556] DEBUG [Slf4JLogger(debug:76)] : -Dio.netty.allocator.numHeapArenas: 16
[2016-11-09 10:55:06.557] DEBUG [Slf4JLogger(debug:76)] : -Dio.netty.allocator.numDirectArenas: 16
[2016-11-09 10:55:06.557] DEBUG [Slf4JLogger(debug:76)] : -Dio.netty.allocator.pageSize: 8192
[2016-11-09 10:55:06.558] DEBUG [Slf4JLogger(debug:76)] : -Dio.netty.allocator.maxOrder: 11
[2016-11-09 10:55:06.558] DEBUG [Slf4JLogger(debug:76)] : -Dio.netty.allocator.chunkSize: 16777216
[2016-11-09 10:55:06.559] DEBUG [Slf4JLogger(debug:76)] : -Dio.netty.allocator.tinyCacheSize: 512
[2016-11-09 10:55:06.560] DEBUG [Slf4JLogger(debug:76)] : -Dio.netty.allocator.smallCacheSize: 256
[2016-11-09 10:55:06.560] DEBUG [Slf4JLogger(debug:76)] : -Dio.netty.allocator.normalCacheSize: 64
[2016-11-09 10:55:06.560] DEBUG [Slf4JLogger(debug:76)] : -Dio.netty.allocator.maxCachedBufferCapacity: 32768
[2016-11-09 10:55:06.560] DEBUG [Slf4JLogger(debug:76)] : -Dio.netty.allocator.cacheTrimInterval: 8192
[2016-11-09 10:55:06.566] DEBUG [Slf4JLogger(debug:76)] : -Dio.netty.allocator.type: pooled
[2016-11-09 10:55:06.566] DEBUG [Slf4JLogger(debug:76)] : -Dio.netty.threadLocalDirectBufferSize: 65536
[2016-11-09 10:55:06.566] DEBUG [Slf4JLogger(debug:76)] : -Dio.netty.maxThreadLocalCharBufferSize: 16384
[2016-11-09 10:55:06.635] ERROR [Operator(_showSystemInfo:107)] : *************************************
[2016-11-09 10:55:06.636] ERROR [Operator(_showSystemInfo:108)] :    The server is running normally.
[2016-11-09 10:55:06.636] ERROR [Operator(_showSystemInfo:109)] :   ---------------------------------  
[2016-11-09 10:55:06.636] ERROR [Operator(_showSystemInfo:110)] :    CPU : 8
[2016-11-09 10:55:06.637] ERROR [Operator(_showSystemInfo:111)] :    Max Heap : 1810 MB
[2016-11-09 10:55:06.637] ERROR [Operator(_showSystemInfo:112)] :    IP : 172.16.2.205
[2016-11-09 10:55:06.637] ERROR [Operator(_showSystemInfo:113)] :    MAC address : FC-AA-14-E0-DB-6C
[2016-11-09 10:55:06.638] ERROR [Operator(_showSystemInfo:114)] : *************************************
[2016-11-09 10:55:49.870] ERROR [Operator(stop:137)] : *************************************
[2016-11-09 10:55:49.871] ERROR [Operator(stop:138)] :    The server has been shut down.
[2016-11-09 10:55:49.872] ERROR [Operator(stop:139)] : *************************************
[2016-11-09 10:55:52.412] ERROR [ServiceProvider(lambda$0:189)] : Can not register the service. Class : team.test.Service
[2016-11-09 10:55:52.802] ERROR [Operator(_showSystemInfo:107)] : *************************************
[2016-11-09 10:55:52.803] ERROR [Operator(_showSystemInfo:108)] :    The server is running normally.
[2016-11-09 10:55:52.804] ERROR [Operator(_showSystemInfo:109)] :   ---------------------------------  
[2016-11-09 10:55:52.805] ERROR [Operator(_showSystemInfo:110)] :    CPU : 8
[2016-11-09 10:55:52.805] ERROR [Operator(_showSystemInfo:111)] :    Max Heap : 1810 MB
[2016-11-09 10:55:52.805] ERROR [Operator(_showSystemInfo:112)] :    IP : 172.16.2.205
[2016-11-09 10:55:52.806] ERROR [Operator(_showSystemInfo:113)] :    MAC address : FC-AA-14-E0-DB-6C
[2016-11-09 10:55:52.806] ERROR [Operator(_showSystemInfo:114)] : *************************************
[2016-11-09 10:55:54.761] ERROR [Operator(stop:137)] : *************************************
[2016-11-09 10:55:54.761] ERROR [Operator(stop:138)] :    The server has been shut down.
[2016-11-09 10:55:54.761] ERROR [Operator(stop:139)] : *************************************
[2016-11-09 10:58:18.395] ERROR [ServiceProvider(lambda$0:189)] : Can not register the service. Class : team.test.Service
[2016-11-09 10:58:18.782] ERROR [Operator(_showSystemInfo:107)] : *************************************
[2016-11-09 10:58:18.783] ERROR [Operator(_showSystemInfo:108)] :    The server is running normally.
[2016-11-09 10:58:18.784] ERROR [Operator(_showSystemInfo:109)] :   ---------------------------------  
[2016-11-09 10:58:18.785] ERROR [Operator(_showSystemInfo:110)] :    CPU : 8
[2016-11-09 10:58:18.785] ERROR [Operator(_showSystemInfo:111)] :    Max Heap : 1810 MB
[2016-11-09 10:58:18.785] ERROR [Operator(_showSystemInfo:112)] :    IP : 172.16.2.205
[2016-11-09 10:58:18.786] ERROR [Operator(_showSystemInfo:113)] :    MAC address : FC-AA-14-E0-DB-6C
[2016-11-09 10:58:18.786] ERROR [Operator(_showSystemInfo:114)] : *************************************
[2016-11-09 11:02:36.053] ERROR [Operator(stop:137)] : *************************************
[2016-11-09 11:02:36.053] ERROR [Operator(stop:138)] :    The server has been shut down.
[2016-11-09 11:02:36.054] ERROR [Operator(stop:139)] : *************************************
[2016-11-09 11:02:46.934] ERROR [ServiceProvider(lambda$0:189)] : Can not register the service. Class : team.test.Service
[2016-11-09 11:02:47.309] ERROR [Operator(_showSystemInfo:107)] : *************************************
[2016-11-09 11:02:47.310] ERROR [Operator(_showSystemInfo:108)] :    The server is running normally.
[2016-11-09 11:02:47.312] ERROR [Operator(_showSystemInfo:109)] :   ---------------------------------  
[2016-11-09 11:02:47.312] ERROR [Operator(_showSystemInfo:110)] :    CPU : 8
[2016-11-09 11:02:47.313] ERROR [Operator(_showSystemInfo:111)] :    Max Heap : 1810 MB
[2016-11-09 11:02:47.313] ERROR [Operator(_showSystemInfo:112)] :    IP : 172.16.2.205
[2016-11-09 11:02:47.313] ERROR [Operator(_showSystemInfo:113)] :    MAC address : FC-AA-14-E0-DB-6C
[2016-11-09 11:02:47.314] ERROR [Operator(_showSystemInfo:114)] : *************************************
[2016-11-09 11:02:49.414] ERROR [Operator(stop:137)] : *************************************
[2016-11-09 11:02:49.414] ERROR [Operator(stop:138)] :    The server has been shut down.
[2016-11-09 11:02:49.415] ERROR [Operator(stop:139)] : *************************************
[2016-11-09 11:02:52.011] ERROR [ServiceProvider(lambda$0:189)] : Can not register the service. Class : team.test.Service
[2016-11-09 11:02:52.385] ERROR [Operator(_showSystemInfo:107)] : *************************************
[2016-11-09 11:02:52.385] ERROR [Operator(_showSystemInfo:108)] :    The server is running normally.
[2016-11-09 11:02:52.387] ERROR [Operator(_showSystemInfo:109)] :   ---------------------------------  
[2016-11-09 11:02:52.387] ERROR [Operator(_showSystemInfo:110)] :    CPU : 8
[2016-11-09 11:02:52.387] ERROR [Operator(_showSystemInfo:111)] :    Max Heap : 1810 MB
[2016-11-09 11:02:52.388] ERROR [Operator(_showSystemInfo:112)] :    IP : 172.16.2.205
[2016-11-09 11:02:52.388] ERROR [Operator(_showSystemInfo:113)] :    MAC address : FC-AA-14-E0-DB-6C
[2016-11-09 11:02:52.388] ERROR [Operator(_showSystemInfo:114)] : *************************************
[2016-11-09 11:03:25.061] ERROR [Operator(stop:137)] : *************************************
[2016-11-09 11:03:25.062] ERROR [Operator(stop:138)] :    The server has been shut down.
[2016-11-09 11:03:25.062] ERROR [Operator(stop:139)] : *************************************
[2016-11-09 11:03:52.058] ERROR [ServiceProvider(lambda$0:189)] : Can not register the service. Class : team.balam.exof.util
[2016-11-09 11:03:52.434] ERROR [Operator(_showSystemInfo:107)] : *************************************
[2016-11-09 11:03:52.435] ERROR [Operator(_showSystemInfo:108)] :    The server is running normally.
[2016-11-09 11:03:52.437] ERROR [Operator(_showSystemInfo:109)] :   ---------------------------------  
[2016-11-09 11:03:52.437] ERROR [Operator(_showSystemInfo:110)] :    CPU : 8
[2016-11-09 11:03:52.437] ERROR [Operator(_showSystemInfo:111)] :    Max Heap : 1810 MB
[2016-11-09 11:03:52.438] ERROR [Operator(_showSystemInfo:112)] :    IP : 172.16.2.205
[2016-11-09 11:03:52.438] ERROR [Operator(_showSystemInfo:113)] :    MAC address : FC-AA-14-E0-DB-6C
[2016-11-09 11:03:52.438] ERROR [Operator(_showSystemInfo:114)] : *************************************
[2016-11-09 11:04:06.244] ERROR [Operator(stop:137)] : *************************************
[2016-11-09 11:04:06.245] ERROR [Operator(stop:138)] :    The server has been shut down.
[2016-11-09 11:04:06.245] ERROR [Operator(stop:139)] : *************************************
[2016-11-09 11:04:08.244] ERROR [Operator(_showSystemInfo:107)] : *************************************
[2016-11-09 11:04:08.246] ERROR [Operator(_showSystemInfo:108)] :    The server is running normally.
[2016-11-09 11:04:08.247] ERROR [Operator(_showSystemInfo:109)] :   ---------------------------------  
[2016-11-09 11:04:08.247] ERROR [Operator(_showSystemInfo:110)] :    CPU : 8
[2016-11-09 11:04:08.248] ERROR [Operator(_showSystemInfo:111)] :    Max Heap : 1810 MB
[2016-11-09 11:04:08.249] ERROR [Operator(_showSystemInfo:112)] :    IP : 172.16.2.205
[2016-11-09 11:04:08.249] ERROR [Operator(_showSystemInfo:113)] :    MAC address : FC-AA-14-E0-DB-6C
[2016-11-09 11:04:08.249] ERROR [Operator(_showSystemInfo:114)] : *************************************
[2016-11-09 11:04:14.344] ERROR [Operator(stop:137)] : *************************************
[2016-11-09 11:04:14.345] ERROR [Operator(stop:138)] :    The server has been shut down.
[2016-11-09 11:04:14.345] ERROR [Operator(stop:139)] : *************************************
[2016-11-09 11:07:38.473] ERROR [ServiceProvider(lambda$0:189)] : Can not register the service. Class : team.test.Service
[2016-11-09 11:07:38.857] ERROR [Operator(_showSystemInfo:107)] : *************************************
[2016-11-09 11:07:38.857] ERROR [Operator(_showSystemInfo:108)] :    The server is running normally.
[2016-11-09 11:07:38.859] ERROR [Operator(_showSystemInfo:109)] :   ---------------------------------  
[2016-11-09 11:07:38.859] ERROR [Operator(_showSystemInfo:110)] :    CPU : 8
[2016-11-09 11:07:38.860] ERROR [Operator(_showSystemInfo:111)] :    Max Heap : 1810 MB
[2016-11-09 11:07:38.860] ERROR [Operator(_showSystemInfo:112)] :    IP : 172.16.2.205
[2016-11-09 11:07:38.860] ERROR [Operator(_showSystemInfo:113)] :    MAC address : FC-AA-14-E0-DB-6C
[2016-11-09 11:07:38.861] ERROR [Operator(_showSystemInfo:114)] : *************************************
[2016-11-09 11:07:42.943] ERROR [Operator(stop:137)] : *************************************
[2016-11-09 11:07:42.943] ERROR [Operator(stop:138)] :    The server has been shut down.
[2016-11-09 11:07:42.943] ERROR [Operator(stop:139)] : *************************************
[2016-11-09 11:09:47.301] ERROR [ServiceProvider(lambda$0:189)] : Can not register the service. Class : team.test.Service
[2016-11-09 11:09:47.681] ERROR [Operator(_showSystemInfo:107)] : *************************************
[2016-11-09 11:09:47.681] ERROR [Operator(_showSystemInfo:108)] :    The server is running normally.
[2016-11-09 11:09:47.683] ERROR [Operator(_showSystemInfo:109)] :   ---------------------------------  
[2016-11-09 11:09:47.684] ERROR [Operator(_showSystemInfo:110)] :    CPU : 8
[2016-11-09 11:09:47.684] ERROR [Operator(_showSystemInfo:111)] :    Max Heap : 1810 MB
[2016-11-09 11:09:47.684] ERROR [Operator(_showSystemInfo:112)] :    IP : 172.16.2.205
[2016-11-09 11:09:47.684] ERROR [Operator(_showSystemInfo:113)] :    MAC address : FC-AA-14-E0-DB-6C
[2016-11-09 11:09:47.685] ERROR [Operator(_showSystemInfo:114)] : *************************************
[2016-11-09 11:11:11.198] ERROR [Operator(stop:137)] : *************************************
[2016-11-09 11:11:11.199] ERROR [Operator(stop:138)] :    The server has been shut down.
[2016-11-09 11:11:11.199] ERROR [Operator(stop:139)] : *************************************
[2016-11-09 11:11:35.427] ERROR [ServiceProvider(lambda$0:189)] : Can not register the service. Class : team.test.Service
[2016-11-09 11:11:35.806] ERROR [Operator(_showSystemInfo:107)] : *************************************
[2016-11-09 11:11:35.807] ERROR [Operator(_showSystemInfo:108)] :    The server is running normally.
[2016-11-09 11:11:35.809] ERROR [Operator(_showSystemInfo:109)] :   ---------------------------------  
[2016-11-09 11:11:35.809] ERROR [Operator(_showSystemInfo:110)] :    CPU : 8
[2016-11-09 11:11:35.809] ERROR [Operator(_showSystemInfo:111)] :    Max Heap : 1810 MB
[2016-11-09 11:11:35.810] ERROR [Operator(_showSystemInfo:112)] :    IP : 172.16.2.205
[2016-11-09 11:11:35.810] ERROR [Operator(_showSystemInfo:113)] :    MAC address : FC-AA-14-E0-DB-6C
[2016-11-09 11:11:35.810] ERROR [Operator(_showSystemInfo:114)] : *************************************
[2016-11-09 11:11:37.367] ERROR [Operator(stop:137)] : *************************************
[2016-11-09 11:11:37.368] ERROR [Operator(stop:138)] :    The server has been shut down.
[2016-11-09 11:11:37.368] ERROR [Operator(stop:139)] : *************************************
[2016-11-09 11:11:58.797] ERROR [ServiceProvider(lambda$0:189)] : Can not register the service. Class : team.test.Service
[2016-11-09 11:11:59.176] ERROR [Operator(_showSystemInfo:107)] : *************************************
[2016-11-09 11:11:59.177] ERROR [Operator(_showSystemInfo:108)] :    The server is running normally.
[2016-11-09 11:11:59.179] ERROR [Operator(_showSystemInfo:109)] :   ---------------------------------  
[2016-11-09 11:11:59.179] ERROR [Operator(_showSystemInfo:110)] :    CPU : 8
[2016-11-09 11:11:59.179] ERROR [Operator(_showSystemInfo:111)] :    Max Heap : 1810 MB
[2016-11-09 11:11:59.180] ERROR [Operator(_showSystemInfo:112)] :    IP : 172.16.2.205
[2016-11-09 11:11:59.180] ERROR [Operator(_showSystemInfo:113)] :    MAC address : FC-AA-14-E0-DB-6C
[2016-11-09 11:11:59.180] ERROR [Operator(_showSystemInfo:114)] : *************************************
[2016-11-09 11:12:00.679] ERROR [Operator(stop:137)] : *************************************
[2016-11-09 11:12:00.680] ERROR [Operator(stop:138)] :    The server has been shut down.
[2016-11-09 11:12:00.680] ERROR [Operator(stop:139)] : *************************************
[2016-11-09 11:12:08.611] ERROR [ServiceProvider(lambda$0:189)] : Can not register the service. Class : team.test.Service
[2016-11-09 11:12:09.002] ERROR [Operator(_showSystemInfo:107)] : *************************************
[2016-11-09 11:12:09.003] ERROR [Operator(_showSystemInfo:108)] :    The server is running normally.
[2016-11-09 11:12:09.004] ERROR [Operator(_showSystemInfo:109)] :   ---------------------------------  
[2016-11-09 11:12:09.004] ERROR [Operator(_showSystemInfo:110)] :    CPU : 8
[2016-11-09 11:12:09.005] ERROR [Operator(_showSystemInfo:111)] :    Max Heap : 1810 MB
[2016-11-09 11:12:09.005] ERROR [Operator(_showSystemInfo:112)] :    IP : 172.16.2.205
[2016-11-09 11:12:09.005] ERROR [Operator(_showSystemInfo:113)] :    MAC address : FC-AA-14-E0-DB-6C
[2016-11-09 11:12:09.005] ERROR [Operator(_showSystemInfo:114)] : *************************************
[2016-11-09 11:12:09.896] ERROR [Operator(stop:137)] : *************************************
[2016-11-09 11:12:09.896] ERROR [Operator(stop:138)] :    The server has been shut down.
[2016-11-09 11:12:09.897] ERROR [Operator(stop:139)] : *************************************
[2016-11-09 11:23:14.096] ERROR [ServiceProvider(lambda$0:189)] : Can not register the service. Class : team.test.Service
[2016-11-09 11:23:14.487] ERROR [Operator(_showSystemInfo:107)] : *************************************
[2016-11-09 11:23:14.487] ERROR [Operator(_showSystemInfo:108)] :    The server is running normally.
[2016-11-09 11:23:14.489] ERROR [Operator(_showSystemInfo:109)] :   ---------------------------------  
[2016-11-09 11:23:14.489] ERROR [Operator(_showSystemInfo:110)] :    CPU : 8
[2016-11-09 11:23:14.490] ERROR [Operator(_showSystemInfo:111)] :    Max Heap : 1810 MB
[2016-11-09 11:23:14.490] ERROR [Operator(_showSystemInfo:112)] :    IP : 172.16.2.205
[2016-11-09 11:23:14.490] ERROR [Operator(_showSystemInfo:113)] :    MAC address : FC-AA-14-E0-DB-6C
[2016-11-09 11:23:14.491] ERROR [Operator(_showSystemInfo:114)] : *************************************
[2016-11-09 11:24:38.089] ERROR [Operator(stop:137)] : *************************************
[2016-11-09 11:24:38.090] ERROR [Operator(stop:138)] :    The server has been shut down.
[2016-11-09 11:24:38.090] ERROR [Operator(stop:139)] : *************************************
[2016-11-09 11:24:39.855] ERROR [Operator(_showSystemInfo:107)] : *************************************
[2016-11-09 11:24:39.857] ERROR [Operator(_showSystemInfo:108)] :    The server is running normally.
[2016-11-09 11:24:39.858] ERROR [Operator(_showSystemInfo:109)] :   ---------------------------------  
[2016-11-09 11:24:39.858] ERROR [Operator(_showSystemInfo:110)] :    CPU : 8
[2016-11-09 11:24:39.860] ERROR [Operator(_showSystemInfo:111)] :    Max Heap : 1810 MB
[2016-11-09 11:24:39.860] ERROR [Operator(_showSystemInfo:112)] :    IP : 172.16.2.205
[2016-11-09 11:24:39.860] ERROR [Operator(_showSystemInfo:113)] :    MAC address : FC-AA-14-E0-DB-6C
[2016-11-09 11:24:39.861] ERROR [Operator(_showSystemInfo:114)] : *************************************
[2016-11-09 11:26:15.031] ERROR [Operator(stop:137)] : *************************************
[2016-11-09 11:26:15.031] ERROR [Operator(stop:138)] :    The server has been shut down.
[2016-11-09 11:26:15.031] ERROR [Operator(stop:139)] : *************************************
[2016-11-09 11:38:53.636] ERROR [Operator(_showSystemInfo:107)] : *************************************
[2016-11-09 11:38:53.638] ERROR [Operator(_showSystemInfo:108)] :    The server is running normally.
[2016-11-09 11:38:53.638] ERROR [Operator(_showSystemInfo:109)] :   ---------------------------------  
[2016-11-09 11:38:53.639] ERROR [Operator(_showSystemInfo:110)] :    CPU : 8
[2016-11-09 11:38:53.641] ERROR [Operator(_showSystemInfo:111)] :    Max Heap : 1810 MB
[2016-11-09 11:38:53.641] ERROR [Operator(_showSystemInfo:112)] :    IP : 172.16.2.205
[2016-11-09 11:38:53.641] ERROR [Operator(_showSystemInfo:113)] :    MAC address : FC-AA-14-E0-DB-6C
[2016-11-09 11:38:53.642] ERROR [Operator(_showSystemInfo:114)] : *************************************
[2016-11-09 11:39:01.723] ERROR [Operator(stop:137)] : *************************************
[2016-11-09 11:39:01.723] ERROR [Operator(stop:138)] :    The server has been shut down.
[2016-11-09 11:39:01.723] ERROR [Operator(stop:139)] : *************************************
[2016-11-09 11:39:13.339] ERROR [Operator(_showSystemInfo:107)] : *************************************
[2016-11-09 11:39:13.341] ERROR [Operator(_showSystemInfo:108)] :    The server is running normally.
[2016-11-09 11:39:13.341] ERROR [Operator(_showSystemInfo:109)] :   ---------------------------------  
[2016-11-09 11:39:13.342] ERROR [Operator(_showSystemInfo:110)] :    CPU : 8
[2016-11-09 11:39:13.343] ERROR [Operator(_showSystemInfo:111)] :    Max Heap : 1810 MB
[2016-11-09 11:39:13.344] ERROR [Operator(_showSystemInfo:112)] :    IP : 172.16.2.205
[2016-11-09 11:39:13.344] ERROR [Operator(_showSystemInfo:113)] :    MAC address : FC-AA-14-E0-DB-6C
[2016-11-09 11:39:13.345] ERROR [Operator(_showSystemInfo:114)] : *************************************
[2016-11-09 11:39:18.922] ERROR [Operator(stop:137)] : *************************************
[2016-11-09 11:39:18.923] ERROR [Operator(stop:138)] :    The server has been shut down.
[2016-11-09 11:39:18.923] ERROR [Operator(stop:139)] : *************************************
[2016-11-09 11:39:32.685] ERROR [ServiceProvider(lambda$0:189)] : Can not register the service. Class : team.test.Service
[2016-11-09 11:39:33.072] ERROR [Operator(_showSystemInfo:107)] : *************************************
[2016-11-09 11:39:33.073] ERROR [Operator(_showSystemInfo:108)] :    The server is running normally.
[2016-11-09 11:39:33.075] ERROR [Operator(_showSystemInfo:109)] :   ---------------------------------  
[2016-11-09 11:39:33.075] ERROR [Operator(_showSystemInfo:110)] :    CPU : 8
[2016-11-09 11:39:33.076] ERROR [Operator(_showSystemInfo:111)] :    Max Heap : 1810 MB
[2016-11-09 11:39:33.076] ERROR [Operator(_showSystemInfo:112)] :    IP : 172.16.2.205
[2016-11-09 11:39:33.076] ERROR [Operator(_showSystemInfo:113)] :    MAC address : FC-AA-14-E0-DB-6C
[2016-11-09 11:39:33.076] ERROR [Operator(_showSystemInfo:114)] : *************************************
[2016-11-09 11:39:38.565] ERROR [Operator(stop:137)] : *************************************
[2016-11-09 11:39:38.565] ERROR [Operator(stop:138)] :    The server has been shut down.
[2016-11-09 11:39:38.566] ERROR [Operator(stop:139)] : *************************************
[2016-11-09 11:39:40.805] ERROR [Operator(_showSystemInfo:107)] : *************************************
[2016-11-09 11:39:40.807] ERROR [Operator(_showSystemInfo:108)] :    The server is running normally.
[2016-11-09 11:39:40.808] ERROR [Operator(_showSystemInfo:109)] :   ---------------------------------  
[2016-11-09 11:39:40.808] ERROR [Operator(_showSystemInfo:110)] :    CPU : 8
[2016-11-09 11:39:40.809] ERROR [Operator(_showSystemInfo:111)] :    Max Heap : 1810 MB
[2016-11-09 11:39:40.810] ERROR [Operator(_showSystemInfo:112)] :    IP : 172.16.2.205
[2016-11-09 11:39:40.810] ERROR [Operator(_showSystemInfo:113)] :    MAC address : FC-AA-14-E0-DB-6C
[2016-11-09 11:39:40.810] ERROR [Operator(_showSystemInfo:114)] : *************************************
[2016-11-09 11:39:41.745] ERROR [Operator(stop:137)] : *************************************
[2016-11-09 11:39:41.746] ERROR [Operator(stop:138)] :    The server has been shut down.
[2016-11-09 11:39:41.746] ERROR [Operator(stop:139)] : *************************************
[2016-11-09 13:40:02.263] ERROR [Operator(_showSystemInfo:107)] : *************************************
[2016-11-09 13:40:02.264] ERROR [Operator(_showSystemInfo:108)] :    The server is running normally.
[2016-11-09 13:40:02.265] ERROR [Operator(_showSystemInfo:109)] :   ---------------------------------  
[2016-11-09 13:40:02.265] ERROR [Operator(_showSystemInfo:110)] :    CPU : 8
[2016-11-09 13:40:02.266] ERROR [Operator(_showSystemInfo:111)] :    Max Heap : 1810 MB
[2016-11-09 13:40:02.267] ERROR [Operator(_showSystemInfo:112)] :    IP : 172.16.2.205
[2016-11-09 13:40:02.267] ERROR [Operator(_showSystemInfo:113)] :    MAC address : FC-AA-14-E0-DB-6C
[2016-11-09 13:40:02.267] ERROR [Operator(_showSystemInfo:114)] : *************************************
[2016-11-09 13:40:05.206] ERROR [Operator(stop:137)] : *************************************
[2016-11-09 13:40:05.206] ERROR [Operator(stop:138)] :    The server has been shut down.
[2016-11-09 13:40:05.207] ERROR [Operator(stop:139)] : *************************************
[2016-11-09 13:40:21.589] ERROR [Operator(_showSystemInfo:107)] : *************************************
[2016-11-09 13:40:21.591] ERROR [Operator(_showSystemInfo:108)] :    The server is running normally.
[2016-11-09 13:40:21.591] ERROR [Operator(_showSystemInfo:109)] :   ---------------------------------  
[2016-11-09 13:40:21.592] ERROR [Operator(_showSystemInfo:110)] :    CPU : 8
[2016-11-09 13:40:21.593] ERROR [Operator(_showSystemInfo:111)] :    Max Heap : 1810 MB
[2016-11-09 13:40:21.594] ERROR [Operator(_showSystemInfo:112)] :    IP : 172.16.2.205
[2016-11-09 13:40:21.594] ERROR [Operator(_showSystemInfo:113)] :    MAC address : FC-AA-14-E0-DB-6C
[2016-11-09 13:40:21.594] ERROR [Operator(_showSystemInfo:114)] : *************************************
[2016-11-09 13:40:26.556] ERROR [Operator(stop:137)] : *************************************
[2016-11-09 13:40:26.557] ERROR [Operator(stop:138)] :    The server has been shut down.
[2016-11-09 13:40:26.557] ERROR [Operator(stop:139)] : *************************************
[2016-11-09 13:40:42.056] ERROR [ServiceProvider(lambda$0:189)] : Can not register the service. Class : team.test.Service
[2016-11-09 13:40:42.463] ERROR [Operator(_showSystemInfo:107)] : *************************************
[2016-11-09 13:40:42.463] ERROR [Operator(_showSystemInfo:108)] :    The server is running normally.
[2016-11-09 13:40:42.465] ERROR [Operator(_showSystemInfo:109)] :   ---------------------------------  
[2016-11-09 13:40:42.465] ERROR [Operator(_showSystemInfo:110)] :    CPU : 8
[2016-11-09 13:40:42.466] ERROR [Operator(_showSystemInfo:111)] :    Max Heap : 1810 MB
[2016-11-09 13:40:42.466] ERROR [Operator(_showSystemInfo:112)] :    IP : 172.16.2.205
[2016-11-09 13:40:42.466] ERROR [Operator(_showSystemInfo:113)] :    MAC address : FC-AA-14-E0-DB-6C
[2016-11-09 13:40:42.466] ERROR [Operator(_showSystemInfo:114)] : *************************************
[2016-11-09 13:40:46.911] ERROR [Operator(stop:137)] : *************************************
[2016-11-09 13:40:46.912] ERROR [Operator(stop:138)] :    The server has been shut down.
[2016-11-09 13:40:46.912] ERROR [Operator(stop:139)] : *************************************
[2016-11-09 13:40:59.266] ERROR [Operator(_showSystemInfo:107)] : *************************************
[2016-11-09 13:40:59.268] ERROR [Operator(_showSystemInfo:108)] :    The server is running normally.
[2016-11-09 13:40:59.268] ERROR [Operator(_showSystemInfo:109)] :   ---------------------------------  
[2016-11-09 13:40:59.268] ERROR [Operator(_showSystemInfo:110)] :    CPU : 8
[2016-11-09 13:40:59.270] ERROR [Operator(_showSystemInfo:111)] :    Max Heap : 1810 MB
[2016-11-09 13:40:59.270] ERROR [Operator(_showSystemInfo:112)] :    IP : 172.16.2.205
[2016-11-09 13:40:59.271] ERROR [Operator(_showSystemInfo:113)] :    MAC address : FC-AA-14-E0-DB-6C
[2016-11-09 13:40:59.271] ERROR [Operator(_showSystemInfo:114)] : *************************************
[2016-11-09 13:41:01.259] ERROR [Operator(stop:137)] : *************************************
[2016-11-09 13:41:01.259] ERROR [Operator(stop:138)] :    The server has been shut down.
[2016-11-09 13:41:01.259] ERROR [Operator(stop:139)] : *************************************
[2016-11-09 15:17:04.486] ERROR [Operator(_showSystemInfo:107)] : *************************************
[2016-11-09 15:17:04.488] ERROR [Operator(_showSystemInfo:108)] :    The server is running normally.
[2016-11-09 15:17:04.488] ERROR [Operator(_showSystemInfo:109)] :   ---------------------------------  
[2016-11-09 15:17:04.488] ERROR [Operator(_showSystemInfo:110)] :    CPU : 8
[2016-11-09 15:17:04.490] ERROR [Operator(_showSystemInfo:111)] :    Max Heap : 1810 MB
[2016-11-09 15:17:04.490] ERROR [Operator(_showSystemInfo:112)] :    IP : 172.16.2.205
[2016-11-09 15:17:04.491] ERROR [Operator(_showSystemInfo:113)] :    MAC address : FC-AA-14-E0-DB-6C
[2016-11-09 15:17:04.491] ERROR [Operator(_showSystemInfo:114)] : *************************************
[2016-11-09 15:17:06.771] ERROR [Operator(stop:137)] : *************************************
[2016-11-09 15:17:06.771] ERROR [Operator(stop:138)] :    The server has been shut down.
[2016-11-09 15:17:06.772] ERROR [Operator(stop:139)] : *************************************
